<?xml version="1.0" encoding="UTF-8"?>
<!-- Generated by org.testng.reporters.JUnitReportReporter -->
<testsuite hostname="DESKTOP-AQ2OAPI" failures="0" tests="1" name="ApproveCompany" time="3.100" errors="0" timestamp="2023-03-19T19:24:39 IST" skipped="0">
  <testcase classname="ApproveCompany" name="TC003testCreateCompanyAsBuyer" time="3.100"/>
  <system-out/>
</testsuite> <!-- ApproveCompany -->
