<?xml version="1.0" encoding="UTF-8"?>
<!-- Generated by org.testng.reporters.JUnitReportReporter -->
<testsuite hostname="DESKTOP-AQ2OAPI" failures="0" tests="1" name="xuriti.TC_0011_InvoiceValidation" time="3.810" errors="0" timestamp="2023-03-25T17:06:18 IST" skipped="0">
  <testcase classname="xuriti.TC_0011_InvoiceValidation" name="TM0001testInvoiceValidation" time="3.810"/>
  <system-out/>
</testsuite> <!-- xuriti.TC_0011_InvoiceValidation -->
