<?xml version="1.0" encoding="UTF-8"?>
<!-- Generated by org.testng.reporters.JUnitReportReporter -->
<testsuite hostname="DESKTOP-AQ2OAPI" failures="0" tests="1" name="xuriti.DateConvert" time="3.592" errors="0" timestamp="2023-03-24T16:13:09 IST" skipped="0">
  <testcase classname="xuriti.DateConvert" name="convertDate" time="3.592"/>
  <system-out/>
</testsuite> <!-- xuriti.DateConvert -->
