<?xml version="1.0" encoding="UTF-8"?>
<!-- Generated by org.testng.reporters.JUnitReportReporter -->
<testsuite hostname="DESKTOP-AQ2OAPI" failures="0" tests="1" name="xuriti.TC_0001_LoginModule" time="4.652" errors="0" timestamp="2023-03-26T12:37:54 IST" skipped="0">
  <testcase classname="xuriti.TC_0001_LoginModule" name="TM001testUserLogin" time="4.652"/>
  <system-out>
    <![CDATA[UserLogin]]>
  </system-out>
</testsuite> <!-- xuriti.TC_0001_LoginModule -->
