<?xml version="1.0" encoding="UTF-8"?>
<!-- Generated by org.testng.reporters.JUnitReportReporter -->
<testsuite hostname="DESKTOP-AQ2OAPI" failures="0" tests="1" name="ApproveBuyerCompany" time="14.361" errors="0" timestamp="2023-03-20T10:12:22 IST" skipped="0">
  <testcase classname="ApproveBuyerCompany" name="TC001testUserLogin" time="14.361"/>
  <system-out/>
</testsuite> <!-- ApproveBuyerCompany -->
