<?xml version="1.0" encoding="UTF-8"?>
<!-- Generated by org.testng.reporters.JUnitReportReporter -->
<testsuite hostname="DESKTOP-AQ2OAPI" failures="0" tests="1" name="xuriti.TC_0006_NBFC_BuyerMapping" time="8.145" errors="0" timestamp="2023-03-25T17:37:25 IST" skipped="0">
  <testcase classname="xuriti.TC_0006_NBFC_BuyerMapping" name="TM0002testNBFC_BuyerAndSellerMapping" time="8.145"/>
  <system-out>
    <![CDATA[NBFC_BuyerAndSellerMapping]]>
  </system-out>
</testsuite> <!-- xuriti.TC_0006_NBFC_BuyerMapping -->
