<?xml version="1.0" encoding="UTF-8"?>
<!-- Generated by org.testng.reporters.JUnitReportReporter -->
<testsuite hostname="DESKTOP-AQ2OAPI" failures="0" tests="1" name="xuriti.TC_0005_AddBuyerInSellerCreditPlan" time="2.197" errors="0" timestamp="2023-03-24T18:31:44 IST" skipped="0">
  <testcase classname="xuriti.TC_0005_AddBuyerInSellerCreditPlan" name="TM002testSetDefaultPlan" time="2.197"/>
  <system-out>
    <![CDATA[SetDefaultPlan]]>
  </system-out>
</testsuite> <!-- xuriti.TC_0005_AddBuyerInSellerCreditPlan -->
