<?xml version="1.0" encoding="UTF-8"?>
<!-- Generated by org.testng.reporters.JUnitReportReporter -->
<testsuite hostname="DESKTOP-AQ2OAPI" failures="0" tests="1" name="xuriti.TC_0004_CreateSellerCreditPlan" time="5.115" errors="0" timestamp="2023-03-22T18:09:55 IST" skipped="0">
  <testcase classname="xuriti.TC_0004_CreateSellerCreditPlan" name="TM0001testCreateSellerCreditPlan" time="5.115"/>
  <system-out>
    <![CDATA[CreateSellerCreditPlan]]>
  </system-out>
</testsuite> <!-- xuriti.TC_0004_CreateSellerCreditPlan -->
