<?xml version="1.0" encoding="UTF-8"?>
<!-- Generated by org.testng.reporters.JUnitReportReporter -->
<testsuite hostname="DESKTOP-AQ2OAPI" failures="0" tests="1" name="xuriti.TC_0009_NBFC_BuyerMapping" time="0.201" errors="0" timestamp="2023-03-21T12:33:00 IST" skipped="0">
  <testcase classname="xuriti.TC_0009_NBFC_BuyerMapping" name="TM0001testNBFC_BuyerAndSellerMapping" time="0.201"/>
  <system-out>
    <![CDATA[NBFC_BuyerAndSellerMapping]]>
  </system-out>
</testsuite> <!-- xuriti.TC_0009_NBFC_BuyerMapping -->
