<?xml version="1.0" encoding="UTF-8"?>
<!-- Generated by org.testng.reporters.JUnitReportReporter -->
<testsuite hostname="DESKTOP-AQ2OAPI" failures="0" tests="3" name="xuriti.TC_0001_LoginModule" time="4.928" errors="0" timestamp="2023-03-25T10:26:36 IST" skipped="0">
  <testcase classname="xuriti.TC_0001_LoginModule" name="TM001testUserLogin" time="3.772"/>
  <system-out>
    <![CDATA[UserLogin]]>
  </system-out>
  <testcase classname="xuriti.TC_0001_LoginModule" name="TM003testManagerLogin" time="0.563"/>
  <system-out>
    <![CDATA[ManagerLogin]]>
  </system-out>
  <testcase classname="xuriti.TC_0001_LoginModule" name="TM002testAdminLogin" time="0.593"/>
  <system-out>
    <![CDATA[AdminLogin]]>
  </system-out>
</testsuite> <!-- xuriti.TC_0001_LoginModule -->
