<?xml version="1.0" encoding="UTF-8"?>
<!-- Generated by org.testng.reporters.JUnitReportReporter -->
<testsuite hostname="DESKTOP-AQ2OAPI" failures="0" tests="1" name="xuriti.Payment" time="53.801" errors="0" timestamp="2023-03-24T16:39:26 IST" skipped="0">
  <testcase classname="xuriti.Payment" name="selectSellerCreditPlan" time="53.801"/>
  <system-out>
    <![CDATA[SearchSellerCompany]]>
  </system-out>
</testsuite> <!-- xuriti.Payment -->
