<?xml version="1.0" encoding="UTF-8"?>
<!-- Generated by org.testng.reporters.JUnitReportReporter -->
<testsuite hostname="DESKTOP-AQ2OAPI" failures="0" tests="1" name="xuriti.ReadingExcel" time="19.737" errors="0" timestamp="2023-03-23T13:35:20 IST" skipped="0">
  <testcase classname="xuriti.ReadingExcel" name="readExcel" time="19.737"/>
  <system-out>
    <![CDATA[SearchBuyerCompany]]>
  </system-out>
</testsuite> <!-- xuriti.ReadingExcel -->
