<?xml version="1.0" encoding="UTF-8"?>
<!-- Generated by org.testng.reporters.JUnitReportReporter -->
<testsuite hostname="DESKTOP-AQ2OAPI" failures="0" tests="1" name="xuriti.TC_0004_ApproveCompany" time="2.738" errors="0" timestamp="2023-03-21T12:42:01 IST" skipped="0">
  <testcase classname="xuriti.TC_0004_ApproveCompany" name="TM0002testApproveSellerCompany" time="2.738"/>
  <system-out>
    <![CDATA[ApproveSellerCompany]]>
  </system-out>
</testsuite> <!-- xuriti.TC_0004_ApproveCompany -->
