<?xml version="1.0" encoding="UTF-8"?>
<!-- Generated by org.testng.reporters.JUnitReportReporter -->
<testsuite hostname="DESKTOP-AQ2OAPI" failures="0" tests="1" name="Login" time="2.952" errors="0" timestamp="2023-03-20T16:11:52 IST" skipped="0">
  <testcase classname="Login" name="TC0013testManagerLogin" time="2.952"/>
  <system-out/>
</testsuite> <!-- Login -->
