<?xml version="1.0" encoding="UTF-8"?>
<!-- Generated by org.testng.reporters.JUnitReportReporter -->
<testsuite hostname="DESKTOP-AQ2OAPI" failures="0" tests="1" name="xuriti.TC_0003_SearchCompany" time="43.481" errors="0" timestamp="2023-03-21T12:39:22 IST" skipped="0">
  <testcase classname="xuriti.TC_0003_SearchCompany" name="TM0001testSearchBuyerCompany" time="43.481"/>
  <system-out>
    <![CDATA[SearchBuyerCompany]]>
  </system-out>
</testsuite> <!-- xuriti.TC_0003_SearchCompany -->
