<?xml version="1.0" encoding="UTF-8"?>
<!-- Generated by org.testng.reporters.JUnitReportReporter -->
<testsuite hostname="DESKTOP-AQ2OAPI" failures="0" tests="1" name="xuriti.TC_0010_CreditLimitApproval" time="0.636" errors="0" timestamp="2023-03-21T12:33:00 IST" skipped="0">
  <testcase classname="xuriti.TC_0010_CreditLimitApproval" name="TM0001testApproveCreditLimit" time="0.636"/>
  <system-out>
    <![CDATA[ApproveCreditLimit]]>
  </system-out>
</testsuite> <!-- xuriti.TC_0010_CreditLimitApproval -->
