<?xml version="1.0" encoding="UTF-8"?>
<!-- Generated by org.testng.reporters.JUnitReportReporter -->
<testsuite hostname="DESKTOP-AQ2OAPI" failures="0" tests="1" name="xuriti.TC_0010_PaidInvoice" time="82.128" errors="0" timestamp="2023-03-25T11:01:27 IST" skipped="0">
  <testcase classname="xuriti.TC_0010_PaidInvoice" name="TM001testPayNow" time="82.128"/>
  <system-out>
    <![CDATA[SearchSellerCompany]]>
  </system-out>
</testsuite> <!-- xuriti.TC_0010_PaidInvoice -->
