<?xml version="1.0" encoding="UTF-8"?>
<!-- Generated by org.testng.reporters.JUnitReportReporter -->
<testsuite hostname="DESKTOP-AQ2OAPI" failures="0" tests="1" name="xuriti.TC_0003_ApproveCompany" time="7.742" errors="0" timestamp="2023-03-24T17:53:26 IST" skipped="0">
  <testcase classname="xuriti.TC_0003_ApproveCompany" name="TM0004testApproveSellerCompany" time="7.742"/>
  <system-out>
    <![CDATA[ApproveBuyerCompany]]>
  </system-out>
</testsuite> <!-- xuriti.TC_0003_ApproveCompany -->
