<?xml version="1.0" encoding="UTF-8"?>
<!-- Generated by org.testng.reporters.JUnitReportReporter -->
<testsuite hostname="DESKTOP-AQ2OAPI" failures="0" tests="1" name="xuriti.TC_0008_UploadExcelInvoice" time="6.036" errors="0" timestamp="2023-03-25T11:59:38 IST" skipped="0">
  <testcase classname="xuriti.TC_0008_UploadExcelInvoice" name="TM0001testuploadExcelInvoice" time="6.036"/>
  <system-out/>
</testsuite> <!-- xuriti.TC_0008_UploadExcelInvoice -->
