<?xml version="1.0" encoding="UTF-8"?>
<!-- Generated by org.testng.reporters.JUnitReportReporter -->
<testsuite hostname="DESKTOP-AQ2OAPI" failures="0" tests="1" name="xuriti.TC_0007_AddBuyerInSellerCreditPlan" time="0.215" errors="0" timestamp="2023-03-21T12:33:00 IST" skipped="0">
  <testcase classname="xuriti.TC_0007_AddBuyerInSellerCreditPlan" name="TM0001testAddBuyerInCreditPlan" time="0.215"/>
  <system-out>
    <![CDATA[MapBuyerToSeller]]>
  </system-out>
</testsuite> <!-- xuriti.TC_0007_AddBuyerInSellerCreditPlan -->
