<?xml version="1.0" encoding="UTF-8"?>
<!-- Generated by org.testng.reporters.JUnitReportReporter -->
<testsuite hostname="DESKTOP-AQ2OAPI" failures="0" tests="1" name="AdminLogin" time="1.960" errors="0" timestamp="2023-03-18T13:31:40 IST" skipped="0">
  <testcase classname="AdminLogin" name="TC004testAdminLogin" time="1.960"/>
  <system-out/>
</testsuite> <!-- AdminLogin -->
