<?xml version="1.0" encoding="UTF-8"?>
<!-- Generated by org.testng.reporters.JUnitReportReporter -->
<testsuite hostname="DESKTOP-AQ2OAPI" failures="0" tests="1" name="xuriti.TC_0008_SearchNBFC" time="2.258" errors="0" timestamp="2023-03-21T12:33:00 IST" skipped="0">
  <testcase classname="xuriti.TC_0008_SearchNBFC" name="TM0001testSearchNBFC" time="2.258"/>
  <system-out>
    <![CDATA[SearchNBFC]]>
  </system-out>
</testsuite> <!-- xuriti.TC_0008_SearchNBFC -->
