<?xml version="1.0" encoding="UTF-8"?>
<!-- Generated by org.testng.reporters.JUnitReportReporter -->
<testsuite hostname="DESKTOP-AQ2OAPI" failures="0" tests="1" name="xuriti.Demo" time="4.171" errors="0" timestamp="2023-03-25T11:53:37 IST" skipped="0">
  <testcase classname="xuriti.Demo" name="testClickOnBuyer" time="4.171"/>
  <system-out/>
</testsuite> <!-- xuriti.Demo -->
