<?xml version="1.0" encoding="UTF-8"?>
<!-- Generated by org.testng.reporters.JUnitReportReporter -->
<testsuite hostname="DESKTOP-AQ2OAPI" failures="0" tests="2" name="xuriti.TC_0006_NBFC_BuyerMapping" time="24.481" errors="0" timestamp="2023-03-22T18:09:55 IST" skipped="0">
  <testcase classname="xuriti.TC_0006_NBFC_BuyerMapping" name="TM0001testSearchNBFC" time="5.650"/>
  <system-out>
    <![CDATA[SearchNBFC]]>
  </system-out>
  <testcase classname="xuriti.TC_0006_NBFC_BuyerMapping" name="TM0002testNBFC_BuyerAndSellerMapping" time="18.831"/>
  <system-out>
    <![CDATA[NBFC_BuyerAndSellerMapping]]>
  </system-out>
</testsuite> <!-- xuriti.TC_0006_NBFC_BuyerMapping -->
