<?xml version="1.0" encoding="UTF-8"?>
<!-- Generated by org.testng.reporters.JUnitReportReporter -->
<testsuite hostname="DESKTOP-AQ2OAPI" failures="0" tests="1" name="xuriti.DeleteInvoice" time="14.743" errors="0" timestamp="2023-03-22T15:54:47 IST" skipped="0">
  <testcase classname="xuriti.DeleteInvoice" name="deleteInvoice" time="14.743"/>
  <system-out/>
</testsuite> <!-- xuriti.DeleteInvoice -->
