<?xml version="1.0" encoding="UTF-8"?>
<!-- Generated by org.testng.reporters.JUnitReportReporter -->
<testsuite hostname="DESKTOP-AQ2OAPI" failures="0" tests="1" name="xuriti.TC_0009_ConfirmBuyerInvoice" time="9.015" errors="0" timestamp="2023-03-25T10:38:59 IST" skipped="0">
  <testcase classname="xuriti.TC_0009_ConfirmBuyerInvoice" name="TM0001testSearchBuyerInvoice" time="9.015"/>
  <system-out>
    <![CDATA[SearchBuyerCompany]]>
  </system-out>
</testsuite> <!-- xuriti.TC_0009_ConfirmBuyerInvoice -->
