<?xml version="1.0" encoding="UTF-8"?>
<!-- Generated by org.testng.reporters.JUnitReportReporter -->
<testsuite hostname="DESKTOP-AQ2OAPI" failures="0" tests="1" name="xuriti.DateGen" time="0.085" errors="0" timestamp="2023-03-22T16:19:23 IST" skipped="0">
  <testcase classname="xuriti.DateGen" name="dateGen" time="0.085"/>
  <system-out/>
</testsuite> <!-- xuriti.DateGen -->
