<?xml version="1.0" encoding="UTF-8"?>
<!-- Generated by org.testng.reporters.JUnitReportReporter -->
<testsuite hostname="DESKTOP-AQ2OAPI" failures="0" tests="1" name="xuriti.TC_0009_SearchBuyerInvoice" time="8.122" errors="0" timestamp="2023-03-21T18:19:59 IST" skipped="0">
  <testcase classname="xuriti.TC_0009_SearchBuyerInvoice" name="TM0001testSearchBuyerInvoice" time="8.122"/>
  <system-out>
    <![CDATA[SearchBuyerCompany]]>
  </system-out>
</testsuite> <!-- xuriti.TC_0009_SearchBuyerInvoice -->
