<?xml version="1.0" encoding="UTF-8"?>
<!-- Generated by org.testng.reporters.JUnitReportReporter -->
<testsuite hostname="DESKTOP-AQ2OAPI" failures="0" tests="1" name="xuriti.TC_0002_CreateCompany" time="2.611" errors="0" timestamp="2023-03-24T17:18:16 IST" skipped="0">
  <testcase classname="xuriti.TC_0002_CreateCompany" name="TM0001testSearchGST" time="2.611"/>
  <system-out>
    <![CDATA[SearchGST]]>
  </system-out>
</testsuite> <!-- xuriti.TC_0002_CreateCompany -->
